0 info it worked if it ends with ok
1 verbose cli [ '/usr/local/bin/node', '/usr/local/bin/npm', 'publish' ]
2 info using npm@3.3.12
3 info using node@v5.4.0
4 verbose publish [ '.' ]
5 silly cache add args [ '.', null ]
6 verbose cache add spec .
7 silly cache add parsed spec Result {
7 silly cache add   raw: '.',
7 silly cache add   scope: null,
7 silly cache add   name: null,
7 silly cache add   rawSpec: '.',
7 silly cache add   spec: '/Users/dwhi24/openspace/naming-language',
7 silly cache add   type: 'directory' }
8 verbose addLocalDirectory /Users/dwhi24/.npm/naming-language/0.0.1/package.tgz not in flight; packing
9 info lifecycle naming-language@0.0.1~prepublish: naming-language@0.0.1
10 silly lifecycle naming-language@0.0.1~prepublish: no script for prepublish, continuing
11 verbose tar pack [ '/Users/dwhi24/.npm/naming-language/0.0.1/package.tgz',
11 verbose tar pack   '/Users/dwhi24/openspace/naming-language' ]
12 verbose tarball /Users/dwhi24/.npm/naming-language/0.0.1/package.tgz
13 verbose folder /Users/dwhi24/openspace/naming-language
14 verbose addLocalTarball adding from inside cache /Users/dwhi24/.npm/naming-language/0.0.1/package.tgz
15 silly cache afterAdd naming-language@0.0.1
16 verbose afterAdd /Users/dwhi24/.npm/naming-language/0.0.1/package/package.json not in flight; writing
17 verbose afterAdd /Users/dwhi24/.npm/naming-language/0.0.1/package/package.json written
18 silly publish { name: 'naming-language',
18 silly publish   version: '0.0.1',
18 silly publish   description: 'A utility for randomly generating a realistic naming language for fictional fantasy place names',
18 silly publish   main: 'lib/index.js',
18 silly publish   scripts: { test: 'mocha' },
18 silly publish   repository:
18 silly publish    { type: 'git',
18 silly publish      url: 'https://github.com/dmitrydwhite/naming-language.git' },
18 silly publish   keywords: [ 'random', 'fantasy', 'naming', 'language' ],
18 silly publish   author: { name: 'mewo2' },
18 silly publish   license: 'MIT',
18 silly publish   bugs: { url: 'https://github.com/dmitrydwhite/naming-language/issues' },
18 silly publish   devDependencies: { chai: '^3.5.0', mocha: '^3.0.2' },
18 silly publish   readme: '# Naming language generator\n\nThis is code for generating a \'naming language\', using the algorithm behind [@unchartedatlas][uncharted]. For more details, see [these notes][notes].\n\n### npm Package\n\nThis language generator can be required into your web project.  To install with npm:\n\n```\nnpm install --save naming-language\n```\n\nThen where you need to use it,\n\n```\nvar lang = require(\'naming-language\');\n\n...\n\nvar basicLanguage = lang.makeBasicLanguage();\nvar orthoLanguage = lang.makeOrthoLanguage();\nvar randomLanguage = lang.makeRandomLanguage();\nvar randomName = lang.makeName(randomLanguage);\n```\n\n[uncharted]: https://twitter.com/unchartedatlas\n[notes]: http://mewo2.com/notes/naming-language/\n',
18 silly publish   readmeFilename: 'README.md',
18 silly publish   gitHead: 'dfb93dc979dd61730eb60012685654e53d5f6c97',
18 silly publish   _id: 'naming-language@0.0.1',
18 silly publish   _shasum: 'd261b1326505618a48d41b50cb89bd3409165ef8',
18 silly publish   _from: '.' }
19 verbose getPublishConfig undefined
20 silly mapToRegistry name naming-language
21 silly mapToRegistry using default registry
22 silly mapToRegistry registry https://registry.npmjs.org/
23 silly mapToRegistry uri https://registry.npmjs.org/naming-language
24 verbose publish registryBase https://registry.npmjs.org/
25 silly publish uploading /Users/dwhi24/.npm/naming-language/0.0.1/package.tgz
26 verbose request uri https://registry.npmjs.org/naming-language
27 verbose request sending authorization for write operation
28 info attempt registry request try #1 at 2:50:06 PM
29 verbose request using bearer token for auth
30 verbose request id d4dae61706c310c9
31 http request PUT https://registry.npmjs.org/naming-language
32 http 403 https://registry.npmjs.org/naming-language
33 verbose headers { 'content-type': 'application/json',
33 verbose headers   'cache-control': 'max-age=300',
33 verbose headers   'content-length': '95',
33 verbose headers   'accept-ranges': 'bytes',
33 verbose headers   date: 'Fri, 02 Sep 2016 21:50:07 GMT',
33 verbose headers   via: '1.1 varnish',
33 verbose headers   connection: 'keep-alive',
33 verbose headers   'x-served-by': 'cache-den6023-DEN',
33 verbose headers   'x-cache': 'MISS',
33 verbose headers   'x-cache-hits': '0',
33 verbose headers   'x-timer': 'S1472853006.155517,VS0,VE1113',
33 verbose headers   vary: 'Accept-Encoding' }
34 verbose request invalidating /Users/dwhi24/.npm/registry.npmjs.org/naming-language on PUT
35 error publish Failed PUT 403
36 verbose stack Error: "You cannot publish over the previously published version 0.0.1." : naming-language
36 verbose stack     at makeError (/usr/local/lib/node_modules/npm/node_modules/npm-registry-client/lib/request.js:264:12)
36 verbose stack     at CachingRegistryClient.<anonymous> (/usr/local/lib/node_modules/npm/node_modules/npm-registry-client/lib/request.js:252:14)
36 verbose stack     at Request._callback (/usr/local/lib/node_modules/npm/node_modules/npm-registry-client/lib/request.js:172:14)
36 verbose stack     at Request.self.callback (/usr/local/lib/node_modules/npm/node_modules/request/request.js:198:22)
36 verbose stack     at emitTwo (events.js:87:13)
36 verbose stack     at Request.emit (events.js:172:7)
36 verbose stack     at Request.<anonymous> (/usr/local/lib/node_modules/npm/node_modules/request/request.js:1082:10)
36 verbose stack     at emitOne (events.js:82:20)
36 verbose stack     at Request.emit (events.js:169:7)
36 verbose stack     at IncomingMessage.<anonymous> (/usr/local/lib/node_modules/npm/node_modules/request/request.js:1009:12)
37 verbose statusCode 403
38 verbose pkgid naming-language
39 verbose cwd /Users/dwhi24/openspace/naming-language
40 error Darwin 15.6.0
41 error argv "/usr/local/bin/node" "/usr/local/bin/npm" "publish"
42 error node v5.4.0
43 error npm  v3.3.12
44 error code E403
45 error "You cannot publish over the previously published version 0.0.1." : naming-language
46 error If you need help, you may report this error at:
46 error     <https://github.com/npm/npm/issues>
47 verbose exit [ 1, true ]
